This is pdfTeX, Version 3.14159265-2.6-1.40.16 (TeX Live 2015/Debian) (preloaded format=pdflatex 2017.8.30)  30 APR 2018 18:05
entering extended mode
 restricted \write18 enabled.
 %&-line parsing enabled.
**thesis.tex
(./thesis.tex
LaTeX2e <2016/02/01>
Babel <3.9q> and hyphenation patterns for 3 language(s) loaded.
(/usr/share/texlive/texmf-dist/tex/latex/base/report.cls
Document Class: report 2014/09/29 v1.4h Standard LaTeX document class
(/usr/share/texlive/texmf-dist/tex/latex/base/size12.clo
File: size12.clo 2014/09/29 v1.4h Standard LaTeX file (size option)
)
\c@part=\count79
\c@chapter=\count80
\c@section=\count81
\c@subsection=\count82
\c@subsubsection=\count83
\c@paragraph=\count84
\c@subparagraph=\count85
\c@figure=\count86
\c@table=\count87
\abovecaptionskip=\skip41
\belowcaptionskip=\skip42
\bibindent=\dimen102
)
(/usr/share/texlive/texmf-dist/tex/latex/graphics/graphicx.sty
Package: graphicx 2014/10/28 v1.0g Enhanced LaTeX Graphics (DPC,SPQR)

(/usr/share/texlive/texmf-dist/tex/latex/graphics/keyval.sty
Package: keyval 2014/10/28 v1.15 key=value parser (DPC)
\KV@toks@=\toks14
)
(/usr/share/texlive/texmf-dist/tex/latex/graphics/graphics.sty
Package: graphics 2016/01/03 v1.0q Standard LaTeX Graphics (DPC,SPQR)

(/usr/share/texlive/texmf-dist/tex/latex/graphics/trig.sty
Package: trig 2016/01/03 v1.10 sin cos tan (DPC)
)
(/usr/share/texlive/texmf-dist/tex/latex/latexconfig/graphics.cfg
File: graphics.cfg 2010/04/23 v1.9 graphics configuration of TeX Live
)
Package graphics Info: Driver file: pdftex.def on input line 95.

(/usr/share/texlive/texmf-dist/tex/latex/pdftex-def/pdftex.def
File: pdftex.def 2011/05/27 v0.06d Graphics/color for pdfTeX

(/usr/share/texlive/texmf-dist/tex/generic/oberdiek/infwarerr.sty
Package: infwarerr 2010/04/08 v1.3 Providing info/warning/error messages (HO)
)
(/usr/share/texlive/texmf-dist/tex/generic/oberdiek/ltxcmds.sty
Package: ltxcmds 2011/11/09 v1.22 LaTeX kernel commands for general use (HO)
)
\Gread@gobject=\count88
))
\Gin@req@height=\dimen103
\Gin@req@width=\dimen104
)
(/usr/share/texlive/texmf-dist/tex/latex/geometry/geometry.sty
Package: geometry 2010/09/12 v5.6 Page Geometry

(/usr/share/texlive/texmf-dist/tex/generic/oberdiek/ifpdf.sty
Package: ifpdf 2011/01/30 v2.3 Provides the ifpdf switch (HO)
Package ifpdf Info: pdfTeX in PDF mode is detected.
)
(/usr/share/texlive/texmf-dist/tex/generic/oberdiek/ifvtex.sty
Package: ifvtex 2010/03/01 v1.5 Detect VTeX and its facilities (HO)
Package ifvtex Info: VTeX not detected.
)
(/usr/share/texlive/texmf-dist/tex/generic/ifxetex/ifxetex.sty
Package: ifxetex 2010/09/12 v0.6 Provides ifxetex conditional
)
\Gm@cnth=\count89
\Gm@cntv=\count90
\c@Gm@tempcnt=\count91
\Gm@bindingoffset=\dimen105
\Gm@wd@mp=\dimen106
\Gm@odd@mp=\dimen107
\Gm@even@mp=\dimen108
\Gm@layoutwidth=\dimen109
\Gm@layoutheight=\dimen110
\Gm@layouthoffset=\dimen111
\Gm@layoutvoffset=\dimen112
\Gm@dimlist=\toks15
)
(/home/schiebermc/texmf/tex/latex/setspace/setspace.sty
Package: setspace 2011/12/19 v6.7a set line spacing
)
(/usr/share/texlive/texmf-dist/tex/latex/psnfss/times.sty
Package: times 2005/04/12 PSNFSS-v9.2a (SPQR) 
)
(/home/schiebermc/texmf/tex/latex/titlesec/titlesec.sty
Package: titlesec 2016/03/21 v2.10.2 Sectioning titles
\ttl@box=\box26
\beforetitleunit=\skip43
\aftertitleunit=\skip44
\ttl@plus=\dimen113
\ttl@minus=\dimen114
\ttl@toksa=\toks16
\titlewidth=\dimen115
\titlewidthlast=\dimen116
\titlewidthfirst=\dimen117
)
(/home/schiebermc/texmf/tex/latex/tocloft/tocloft.sty
Package: tocloft 2013/05/02 v2.3f parameterised ToC, etc., typesetting
Package tocloft Info: The document has chapter divisions on input line 44.
\cftparskip=\skip45
\cftbeforetoctitleskip=\skip46
\cftaftertoctitleskip=\skip47
\cftbeforepartskip=\skip48
\cftpartnumwidth=\skip49
\cftpartindent=\skip50
\cftbeforechapskip=\skip51
\cftchapindent=\skip52
\cftchapnumwidth=\skip53
\cftbeforesecskip=\skip54
\cftsecindent=\skip55
\cftsecnumwidth=\skip56
\cftbeforesubsecskip=\skip57
\cftsubsecindent=\skip58
\cftsubsecnumwidth=\skip59
\cftbeforesubsubsecskip=\skip60
\cftsubsubsecindent=\skip61
\cftsubsubsecnumwidth=\skip62
\cftbeforeparaskip=\skip63
\cftparaindent=\skip64
\cftparanumwidth=\skip65
\cftbeforesubparaskip=\skip66
\cftsubparaindent=\skip67
\cftsubparanumwidth=\skip68
\cftbeforeloftitleskip=\skip69
\cftafterloftitleskip=\skip70
\cftbeforefigskip=\skip71
\cftfigindent=\skip72
\cftfignumwidth=\skip73
\c@lofdepth=\count92
\c@lotdepth=\count93
\cftbeforelottitleskip=\skip74
\cftafterlottitleskip=\skip75
\cftbeforetabskip=\skip76
\cfttabindent=\skip77
\cfttabnumwidth=\skip78
)
(/home/schiebermc/texmf/tex/latex/biblatex/biblatex.sty
Package: biblatex 2016/03/03 v3.3 programmable bibliographies (PK/JW/AB)

(/home/schiebermc/texmf/tex/latex/biblatex/biblatex_legacy.sty
Package: biblatex_legacy 2016/03/03 v3.3 programmable bibliographies (bibtex) (
PK/JW/AB)

(/home/schiebermc/texmf/tex/latex/etoolbox/etoolbox.sty
Package: etoolbox 2015/08/02 v2.2a e-TeX tools for LaTeX (JAW)
\etb@tempcnta=\count94
)
(/home/schiebermc/texmf/tex/latex/logreq/logreq.sty
Package: logreq 2010/08/04 v1.0 xml request logger
\lrq@indent=\count95

(/home/schiebermc/texmf/tex/latex/logreq/logreq.def
File: logreq.def 2010/08/04 v1.0 logreq spec v1.0
))
(/usr/share/texlive/texmf-dist/tex/latex/base/ifthen.sty
Package: ifthen 2014/09/29 v1.1c Standard LaTeX ifthen package (DPC)
)
(/usr/share/texlive/texmf-dist/tex/latex/url/url.sty
\Urlmuskip=\muskip10
Package: url 2013/09/16  ver 3.4  Verb mode for urls, etc.
)
\c@tabx@nest=\count96
\c@listtotal=\count97
\c@listcount=\count98
\c@liststart=\count99
\c@liststop=\count100
\c@citecount=\count101
\c@citetotal=\count102
\c@multicitecount=\count103
\c@multicitetotal=\count104
\c@instcount=\count105
\c@maxnames=\count106
\c@minnames=\count107
\c@maxitems=\count108
\c@minitems=\count109
\c@citecounter=\count110
\c@savedcitecounter=\count111
\c@uniquelist=\count112
\c@uniquename=\count113
\c@refsection=\count114
\c@refsegment=\count115
\c@maxextrayear=\count116
\c@maxextraalpha=\count117
\c@abbrvpenalty=\count118
\c@highnamepenalty=\count119
\c@lownamepenalty=\count120
\c@maxparens=\count121
\c@parenlevel=\count122
\blx@tempcnta=\count123
\blx@tempcntb=\count124
\blx@tempcntc=\count125
\blx@maxsection=\count126
\blx@maxsegment=\count127
\blx@notetype=\count128
\blx@parenlevel@text=\count129
\blx@parenlevel@foot=\count130
\labelnumberwidth=\skip79
\labelalphawidth=\skip80
\shorthandwidth=\skip81
\biblabelsep=\skip82
\bibitemsep=\skip83
\bibnamesep=\skip84
\bibinitsep=\skip85
\bibparsep=\skip86
\bibhang=\skip87
\blx@auxin=\read1
\blx@auxout=\write3
\c@mincomprange=\count131
\c@maxcomprange=\count132
\c@mincompwidth=\count133
\c@labelname=\count134
\c@savedlabelname=\count135
\c@author=\count136
\c@savedauthor=\count137
\c@shortauthor=\count138
\c@savedshortauthor=\count139
\c@editor=\count140
\c@savededitor=\count141
\c@editora=\count142
\c@savededitora=\count143
\c@editorb=\count144
\c@savededitorb=\count145
\c@editorc=\count146
\c@savededitorc=\count147
\c@shorteditor=\count148
\c@savedshorteditor=\count149
\c@bookauthor=\count150
\c@savedbookauthor=\count151
\c@translator=\count152
\c@savedtranslator=\count153
\c@annotator=\count154
\c@savedannotator=\count155
\c@commentator=\count156
\c@savedcommentator=\count157
\c@introduction=\count158
\c@savedintroduction=\count159
\c@foreword=\count160
\c@savedforeword=\count161
\c@afterword=\count162
\c@savedafterword=\count163
\c@holder=\count164
\c@savedholder=\count165
\c@namea=\count166
\c@savednamea=\count167
\c@nameb=\count168
\c@savednameb=\count169
\c@namec=\count170
\c@savednamec=\count171
\c@institution=\count172
\c@savedinstitution=\count173
\c@language=\count174
\c@savedlanguage=\count175
\c@location=\count176
\c@savedlocation=\count177
\c@organization=\count178
\c@savedorganization=\count179
\c@origlocation=\count180
\c@savedoriglocation=\count181
\c@origpublisher=\count182
\c@savedorigpublisher=\count183
\c@pageref=\count184
\c@savedpageref=\count185
\c@publisher=\count186
\c@savedpublisher=\count187
\c@lista=\count188
\c@savedlista=\count189
\c@listb=\count190
\c@savedlistb=\count191
\c@listc=\count192
\c@savedlistc=\count193
\c@listd=\count194
\c@savedlistd=\count195
\c@liste=\count196
\c@savedliste=\count197
\c@listf=\count198
\c@savedlistf=\count199
Package biblatex Info: Trying to load compatibility code...
Package biblatex Info: ... file 'blx-compat.def' found.

(/home/schiebermc/texmf/tex/latex/biblatex/blx-compat.def
File: blx-compat.def 2016/03/03 v3.3 biblatex compatibility (PK/JW/AB)
)
Package biblatex Info: Trying to load generic definitions...
Package biblatex Info: ... file 'biblatex_legacy.def' found.

(/home/schiebermc/texmf/tex/latex/biblatex/biblatex_legacy.def
File: biblatex_legacy.def 
\c@textcitecount=\count266
\c@textcitetotal=\count267
\c@textcitemaxnames=\count268
\c@biburlnumpenalty=\count269
\c@biburlucpenalty=\count270
\c@biburllcpenalty=\count271
\c@smartand=\count272
)
Package biblatex Info: Trying to load bibliography style 'ieee'...
Package biblatex Info: ... file 'ieee.bbx' found.

(/home/schiebermc/texmf/tex/latex/biblatex-ieee/ieee.bbx
File: ieee.bbx 2015/03/12 v1.1k biblatex bibliography style
Package biblatex Info: Trying to load bibliography style 'numeric-comp'...
Package biblatex Info: ... file 'numeric-comp.bbx' found.

(/home/schiebermc/texmf/tex/latex/biblatex/bbx/numeric-comp.bbx
File: numeric-comp.bbx 2016/03/03 v3.3 biblatex bibliography style (PK/JW/AB)
Package biblatex Info: Trying to load bibliography style 'numeric'...
Package biblatex Info: ... file 'numeric.bbx' found.

(/home/schiebermc/texmf/tex/latex/biblatex/bbx/numeric.bbx
File: numeric.bbx 2016/03/03 v3.3 biblatex bibliography style (PK/JW/AB)
Package biblatex Info: Trying to load bibliography style 'standard'...
Package biblatex Info: ... file 'standard.bbx' found.

(/home/schiebermc/texmf/tex/latex/biblatex/bbx/standard.bbx
File: standard.bbx 2016/03/03 v3.3 biblatex bibliography style (PK/JW/AB)
\c@bbx:relatedcount=\count273
\c@bbx:relatedtotal=\count274
)))

Package biblatex Warning: 'firstinits' option is deprecated, use 'giveninits' i
nstead.

)
Package biblatex Info: Trying to load citation style 'numeric'...
Package biblatex Info: ... file 'numeric.cbx' found.
 (/home/schiebermc/texmf/tex/latex/biblatex/cbx/numeric.cbx
File: numeric.cbx 2016/03/03 v3.3 biblatex citation style (PK/JW/AB)
Package biblatex Info: Redefining '\cite'.
Package biblatex Info: Redefining '\parencite'.
Package biblatex Info: Redefining '\footcite'.
Package biblatex Info: Redefining '\footcitetext'.
Package biblatex Info: Redefining '\smartcite'.
Package biblatex Info: Redefining '\supercite'.
Package biblatex Info: Redefining '\textcite'.
Package biblatex Info: Redefining '\textcites'.
Package biblatex Info: Redefining '\cites'.
Package biblatex Info: Redefining '\parencites'.
Package biblatex Info: Redefining '\smartcites'.
)
Package biblatex Info: Trying to load configuration file...
Package biblatex Info: ... file 'biblatex.cfg' found.

(/home/schiebermc/texmf/tex/latex/biblatex/biblatex.cfg
File: biblatex.cfg 
)))
(/usr/share/texlive/texmf-dist/tex/latex/hyperref/hyperref.sty
Package: hyperref 2012/11/06 v6.83m Hypertext links for LaTeX

(/usr/share/texlive/texmf-dist/tex/generic/oberdiek/hobsub-hyperref.sty
Package: hobsub-hyperref 2012/05/28 v1.13 Bundle oberdiek, subset hyperref (HO)


(/usr/share/texlive/texmf-dist/tex/generic/oberdiek/hobsub-generic.sty
Package: hobsub-generic 2012/05/28 v1.13 Bundle oberdiek, subset generic (HO)
Package: hobsub 2012/05/28 v1.13 Construct package bundles (HO)
Package hobsub Info: Skipping package `infwarerr' (already loaded).
Package hobsub Info: Skipping package `ltxcmds' (already loaded).
Package: ifluatex 2010/03/01 v1.3 Provides the ifluatex switch (HO)
Package ifluatex Info: LuaTeX not detected.
Package hobsub Info: Skipping package `ifvtex' (already loaded).
Package: intcalc 2007/09/27 v1.1 Expandable calculations with integers (HO)
Package hobsub Info: Skipping package `ifpdf' (already loaded).
Package: etexcmds 2011/02/16 v1.5 Avoid name clashes with e-TeX commands (HO)
Package etexcmds Info: Could not find \expanded.
(etexcmds)             That can mean that you are not using pdfTeX 1.50 or
(etexcmds)             that some package has redefined \expanded.
(etexcmds)             In the latter case, load this package earlier.
Package: kvsetkeys 2012/04/25 v1.16 Key value parser (HO)
Package: kvdefinekeys 2011/04/07 v1.3 Define keys (HO)
Package: pdftexcmds 2011/11/29 v0.20 Utility functions of pdfTeX for LuaTeX (HO
)
Package pdftexcmds Info: LuaTeX not detected.
Package pdftexcmds Info: \pdf@primitive is available.
Package pdftexcmds Info: \pdf@ifprimitive is available.
Package pdftexcmds Info: \pdfdraftmode found.
Package: pdfescape 2011/11/25 v1.13 Implements pdfTeX's escape features (HO)
Package: bigintcalc 2012/04/08 v1.3 Expandable calculations on big integers (HO
)
Package: bitset 2011/01/30 v1.1 Handle bit-vector datatype (HO)
Package: uniquecounter 2011/01/30 v1.2 Provide unlimited unique counter (HO)
)
Package hobsub Info: Skipping package `hobsub' (already loaded).
Package: letltxmacro 2010/09/02 v1.4 Let assignment for LaTeX macros (HO)
Package: hopatch 2012/05/28 v1.2 Wrapper for package hooks (HO)
Package: xcolor-patch 2011/01/30 xcolor patch
Package: atveryend 2011/06/30 v1.8 Hooks at the very end of document (HO)
Package: atbegshi 2011/10/05 v1.16 At begin shipout hook (HO)
Package: refcount 2011/10/16 v3.4 Data extraction from label references (HO)
Package: hycolor 2011/01/30 v1.7 Color options for hyperref/bookmark (HO)
)
(/usr/share/texlive/texmf-dist/tex/latex/oberdiek/auxhook.sty
Package: auxhook 2011/03/04 v1.3 Hooks for auxiliary files (HO)
)
(/usr/share/texlive/texmf-dist/tex/latex/oberdiek/kvoptions.sty
Package: kvoptions 2011/06/30 v3.11 Key value format for package options (HO)
)
\@linkdim=\dimen118
\Hy@linkcounter=\count275
\Hy@pagecounter=\count276

(/usr/share/texlive/texmf-dist/tex/latex/hyperref/pd1enc.def
File: pd1enc.def 2012/11/06 v6.83m Hyperref: PDFDocEncoding definition (HO)
)
\Hy@SavedSpaceFactor=\count277

(/usr/share/texlive/texmf-dist/tex/latex/latexconfig/hyperref.cfg
File: hyperref.cfg 2002/06/06 v1.2 hyperref configuration of TeXLive
)
Package hyperref Info: Option `bookmarks' set `true' on input line 4319.
Package hyperref Info: Hyper figures OFF on input line 4443.
Package hyperref Info: Link nesting OFF on input line 4448.
Package hyperref Info: Hyper index ON on input line 4451.
Package hyperref Info: Plain pages OFF on input line 4458.
Package hyperref Info: Backreferencing OFF on input line 4463.
Package hyperref Info: Implicit mode ON; LaTeX internals redefined.
Package hyperref Info: Bookmarks ON on input line 4688.
\c@Hy@tempcnt=\count278
LaTeX Info: Redefining \url on input line 5041.
\XeTeXLinkMargin=\dimen119
\Fld@menulength=\count279
\Field@Width=\dimen120
\Fld@charsize=\dimen121
Package hyperref Info: Hyper figures OFF on input line 6295.
Package hyperref Info: Link nesting OFF on input line 6300.
Package hyperref Info: Hyper index ON on input line 6303.
Package hyperref Info: backreferencing OFF on input line 6310.
Package hyperref Info: Link coloring OFF on input line 6315.
Package hyperref Info: Link coloring with OCG OFF on input line 6320.
Package hyperref Info: PDF/A mode OFF on input line 6325.
LaTeX Info: Redefining \ref on input line 6365.
LaTeX Info: Redefining \pageref on input line 6369.
\Hy@abspage=\count280
\c@Item=\count281
\c@Hfootnote=\count282
)

Package hyperref Message: Driver (autodetected): hpdftex.

(/usr/share/texlive/texmf-dist/tex/latex/hyperref/hpdftex.def
File: hpdftex.def 2012/11/06 v6.83m Hyperref driver for pdfTeX
\Fld@listcount=\count283
\c@bookmark@seq@number=\count284

(/usr/share/texlive/texmf-dist/tex/latex/oberdiek/rerunfilecheck.sty
Package: rerunfilecheck 2011/04/15 v1.7 Rerun checks for auxiliary files (HO)
Package uniquecounter Info: New unique counter `rerunfilecheck' on input line 2
82.
)
\Hy@SectionHShift=\skip88
)
(/home/schiebermc/texmf/tex/latex/appendix/appendix.sty
Package: appendix 2009/09/02 v1.2b extra appendix facilities
\c@@pps=\count285
\c@@ppsavesec=\count286
\c@@ppsaveapp=\count287
)
(/home/schiebermc/texmf/tex/latex/rotating/rotating.sty
Package: rotating 2009/03/28 v2.16a rotated objects in LaTeX
\c@r@tfl@t=\count288
\rotFPtop=\skip89
\rotFPbot=\skip90
\rot@float@box=\box27
\rot@mess@toks=\toks17
)
(/home/schiebermc/texmf/tex/generic/ulem/ulem.sty
\UL@box=\box28
\UL@hyphenbox=\box29
\UL@skip=\skip91
\UL@hook=\toks18
\UL@height=\dimen122
\UL@pe=\count289
\UL@pixel=\dimen123
\ULC@box=\box30
Package: ulem 2012/05/18
\ULdepth=\dimen124
)
(/usr/share/texlive/texmf-dist/tex/latex/amsmath/amsmath.sty
Package: amsmath 2016/03/03 v2.15a AMS math features
\@mathmargin=\skip92

For additional information on amsmath, use the `?' option.
(/usr/share/texlive/texmf-dist/tex/latex/amsmath/amstext.sty
Package: amstext 2000/06/29 v2.01 AMS text

(/usr/share/texlive/texmf-dist/tex/latex/amsmath/amsgen.sty
File: amsgen.sty 1999/11/30 v2.0 generic functions
\@emptytoks=\toks19
\ex@=\dimen125
))
(/usr/share/texlive/texmf-dist/tex/latex/amsmath/amsbsy.sty
Package: amsbsy 1999/11/29 v1.2d Bold Symbols
\pmbraise@=\dimen126
)
(/usr/share/texlive/texmf-dist/tex/latex/amsmath/amsopn.sty
Package: amsopn 1999/12/14 v2.01 operator names
)
\inf@bad=\count290
LaTeX Info: Redefining \frac on input line 199.
\uproot@=\count291
\leftroot@=\count292
LaTeX Info: Redefining \overline on input line 297.
\classnum@=\count293
\DOTSCASE@=\count294
LaTeX Info: Redefining \ldots on input line 394.
LaTeX Info: Redefining \dots on input line 397.
LaTeX Info: Redefining \cdots on input line 518.
\Mathstrutbox@=\box31
\strutbox@=\box32
\big@size=\dimen127
LaTeX Font Info:    Redeclaring font encoding OML on input line 630.
LaTeX Font Info:    Redeclaring font encoding OMS on input line 631.
\macc@depth=\count295
\c@MaxMatrixCols=\count296
\dotsspace@=\muskip11
\c@parentequation=\count297
\dspbrk@lvl=\count298
\tag@help=\toks20
\row@=\count299
\column@=\count300
\maxfields@=\count301
\andhelp@=\toks21
\eqnshift@=\dimen128
\alignsep@=\dimen129
\tagshift@=\dimen130
\tagwidth@=\dimen131
\totwidth@=\dimen132
\lineht@=\dimen133
\@envbody=\toks22
\multlinegap=\skip93
\multlinetaggap=\skip94
\mathdisplay@stack=\toks23
LaTeX Info: Redefining \[ on input line 2735.
LaTeX Info: Redefining \] on input line 2736.
)
(/home/schiebermc/texmf/tex/latex/algorithms/algorithm.sty
Package: algorithm 2009/08/24 v0.1 Document Style `algorithm' - floating enviro
nment

(/home/schiebermc/texmf/tex/latex/float/float.sty
Package: float 2001/11/08 v1.3d Float enhancements (AL)
\c@float@type=\count302
\float@exts=\toks24
\float@box=\box33
\@float@everytoks=\toks25
\@floatcapt=\box34
)
\@float@every@algorithm=\toks26
\c@algorithm=\count303
)
(/home/schiebermc/texmf/tex/latex/algorithms/algorithmic.sty
Package: algorithmic 2009/08/24 v0.1 Document Style `algorithmic'
\c@ALC@unique=\count304
\c@ALC@line=\count305
\c@ALC@rem=\count306
\c@ALC@depth=\count307
\ALC@tlm=\skip95
\algorithmicindent=\skip96
)
(/home/schiebermc/texmf/tex/latex/subfig/subfig.sty
Package: subfig 2005/06/28 ver: 1.3 subfig package

(/home/schiebermc/texmf/tex/latex/caption/caption.sty
Package: caption 2016/02/21 v3.3-144 Customizing captions (AR)

(/home/schiebermc/texmf/tex/latex/caption/caption3.sty
Package: caption3 2016/02/04 v1.7-139 caption3 kernel (AR)
Package caption3 Info: TeX engine: e-TeX on input line 67.
\captionmargin=\dimen134
\captionmargin@=\dimen135
\captionwidth=\dimen136
\caption@tempdima=\dimen137
\caption@indent=\dimen138
\caption@parindent=\dimen139
\caption@hangindent=\dimen140
)
\c@ContinuedFloat=\count308
Package caption Info: float package is loaded.
Package caption Info: hyperref package is loaded.
Package caption Info: rotating package is loaded.
)
\c@KVtest=\count309
\sf@farskip=\skip97
\sf@captopadj=\dimen141
\sf@capskip=\skip98
\sf@nearskip=\skip99
\c@subfigure=\count310
\c@subfigure@save=\count311
\c@subtable=\count312
\c@subtable@save=\count313
\sf@top=\skip100
\sf@bottom=\skip101
)
(/home/schiebermc/texmf/tex/latex/footmisc/footmisc.sty
Package: footmisc 2011/06/06 v5.5b a miscellany of footnote facilities
\FN@temptoken=\toks27
\footnotemargin=\dimen142
\c@pp@next@reset=\count314
Package footmisc Info: Declaring symbol style bringhurst on input line 855.
Package footmisc Info: Declaring symbol style chicago on input line 863.
Package footmisc Info: Declaring symbol style wiley on input line 872.
Package footmisc Info: Declaring symbol style lamport-robust on input line 883.

Package footmisc Info: Declaring symbol style lamport* on input line 903.
Package footmisc Info: Declaring symbol style lamport*-robust on input line 924
.
)
Package biblatex Info: Trying to load language 'english'...
Package biblatex Info: ... file 'english.lbx' found.

(/home/schiebermc/texmf/tex/latex/biblatex/lbx/english.lbx
File: english.lbx 2016/03/03 v3.3 biblatex localization (PK/JW/AB)
)
\@quotelevel=\count315
\@quotereset=\count316
 (./thesis.aux

LaTeX Warning: Label `fig:f1' multiply defined.


LaTeX Warning: Label `sub@fig:f1' multiply defined.


LaTeX Warning: Label `fig:f1' multiply defined.


LaTeX Warning: Label `sub@fig:f1' multiply defined.


LaTeX Warning: Label `fig:databases' multiply defined.


LaTeX Warning: Label `fig:f1' multiply defined.


LaTeX Warning: Label `sub@fig:f1' multiply defined.


LaTeX Warning: Label `fig:f2' multiply defined.


LaTeX Warning: Label `sub@fig:f2' multiply defined.


LaTeX Warning: Label `fig:f1' multiply defined.


LaTeX Warning: Label `sub@fig:f1' multiply defined.


LaTeX Warning: Label `fig:f2' multiply defined.


LaTeX Warning: Label `sub@fig:f2' multiply defined.


LaTeX Warning: Label `fig:f1' multiply defined.


LaTeX Warning: Label `sub@fig:f1' multiply defined.


LaTeX Warning: Label `fig:f2' multiply defined.


LaTeX Warning: Label `sub@fig:f2' multiply defined.


LaTeX Warning: Label `tbl:practical_speedups' multiply defined.

)
\openout1 = `thesis.aux'.

LaTeX Font Info:    Checking defaults for OML/cmm/m/it on input line 53.
LaTeX Font Info:    ... okay on input line 53.
LaTeX Font Info:    Checking defaults for T1/cmr/m/n on input line 53.
LaTeX Font Info:    ... okay on input line 53.
LaTeX Font Info:    Checking defaults for OT1/cmr/m/n on input line 53.
LaTeX Font Info:    ... okay on input line 53.
LaTeX Font Info:    Checking defaults for OMS/cmsy/m/n on input line 53.
LaTeX Font Info:    ... okay on input line 53.
LaTeX Font Info:    Checking defaults for OMX/cmex/m/n on input line 53.
LaTeX Font Info:    ... okay on input line 53.
LaTeX Font Info:    Checking defaults for U/cmr/m/n on input line 53.
LaTeX Font Info:    ... okay on input line 53.
LaTeX Font Info:    Checking defaults for PD1/pdf/m/n on input line 53.
LaTeX Font Info:    ... okay on input line 53.
LaTeX Font Info:    Try loading font information for OT1+ptm on input line 53.
 (/usr/share/texlive/texmf-dist/tex/latex/psnfss/ot1ptm.fd
File: ot1ptm.fd 2001/06/04 font definitions for OT1/ptm.
)
(/usr/share/texlive/texmf-dist/tex/context/base/supp-pdf.mkii
[Loading MPS to PDF converter (version 2006.09.02).]
\scratchcounter=\count317
\scratchdimen=\dimen143
\scratchbox=\box35
\nofMPsegments=\count318
\nofMParguments=\count319
\everyMPshowfont=\toks28
\MPscratchCnt=\count320
\MPscratchDim=\dimen144
\MPnumerator=\count321
\makeMPintoPDFobject=\count322
\everyMPtoPDFconversion=\toks29
) (/usr/share/texlive/texmf-dist/tex/latex/oberdiek/epstopdf-base.sty
Package: epstopdf-base 2010/02/09 v2.5 Base part for package epstopdf

(/usr/share/texlive/texmf-dist/tex/latex/oberdiek/grfext.sty
Package: grfext 2010/08/19 v1.1 Manage graphics extensions (HO)
)
Package grfext Info: Graphics extension search list:
(grfext)             [.png,.pdf,.jpg,.mps,.jpeg,.jbig2,.jb2,.PNG,.PDF,.JPG,.JPE
G,.JBIG2,.JB2,.eps]
(grfext)             \AppendGraphicsExtensions on input line 452.

(/usr/share/texlive/texmf-dist/tex/latex/latexconfig/epstopdf-sys.cfg
File: epstopdf-sys.cfg 2010/07/13 v1.3 Configuration of (r)epstopdf for TeX Liv
e
))
*geometry* driver: auto-detecting
*geometry* detected driver: pdftex
*geometry* verbose mode - [ preamble ] result:
* driver: pdftex
* paper: letterpaper
* layout: <same size as paper>
* layoutoffset:(h,v)=(0.0pt,0.0pt)
* modes: 
* h-part:(L,W,R)=(108.405pt, 433.62001pt, 72.26999pt)
* v-part:(T,H,B)=(72.26999pt, 650.43001pt, 72.26999pt)
* \paperwidth=614.295pt
* \paperheight=794.96999pt
* \textwidth=433.62001pt
* \textheight=650.43001pt
* \oddsidemargin=36.13501pt
* \evensidemargin=36.13501pt
* \topmargin=-37.0pt
* \headheight=12.0pt
* \headsep=25.0pt
* \topskip=12.0pt
* \footskip=30.0pt
* \marginparwidth=44.0pt
* \marginparsep=10.0pt
* \columnsep=10.0pt
* \skip\footins=10.8pt plus 4.0pt minus 2.0pt
* \hoffset=0.0pt
* \voffset=0.0pt
* \mag=1000
* \@twocolumnfalse
* \@twosidefalse
* \@mparswitchfalse
* \@reversemarginfalse
* (1in=72.27pt=25.4mm, 1cm=28.453pt)

Package biblatex Info: No input encoding detected.
(biblatex)             Assuming 'ascii'.
Package biblatex Info: Automatic encoding selection.
(biblatex)             Assuming data encoding 'ascii'.
\openout3 = `thesis-blx.bib'.

Package biblatex Info: Trying to load bibliographic data...
Package biblatex Info: ... file 'thesis.bbl' found.
(./thesis.bbl

Package biblatex Warning: BibTeX reported the following issues
(biblatex)                with 'Lee:2016':
(biblatex)                - Invalid format of field 'month'.

)
Package biblatex Info: Reference section=0 on input line 53.
Package biblatex Info: Reference segment=0 on input line 53.
\AtBeginShipoutBox=\box36
Package hyperref Info: Link coloring OFF on input line 53.
 (/usr/share/texlive/texmf-dist/tex/latex/hyperref/nameref.sty
Package: nameref 2012/10/27 v2.43 Cross-referencing by name of section

(/usr/share/texlive/texmf-dist/tex/generic/oberdiek/gettitlestring.sty
Package: gettitlestring 2010/12/03 v1.4 Cleanup title references (HO)
)
\c@section@level=\count323
)
LaTeX Info: Redefining \ref on input line 53.
LaTeX Info: Redefining \pageref on input line 53.
LaTeX Info: Redefining \nameref on input line 53.

(./thesis.out) (./thesis.out)
\@outlinefile=\write4
\openout4 = `thesis.out'.

Package caption Info: Begin \AtBeginDocument code.
Package caption Info: subfig package v1.3 is loaded.
Package caption Info: End \AtBeginDocument code.
 (./titlePage.tex
LaTeX Font Info:    Font shape `OT1/ptm/bx/n' in size <12> not available
(Font)              Font shape `OT1/ptm/b/n' tried instead on input line 21.
LaTeX Font Info:    Try loading font information for OMS+ptm on input line 40.

(/usr/share/texlive/texmf-dist/tex/latex/psnfss/omsptm.fd
File: omsptm.fd 
)
LaTeX Font Info:    Font shape `OMS/ptm/m/n' in size <12> not available
(Font)              Font shape `OMS/cmsy/m/n' tried instead on input line 40.
 [1

{/home/schiebermc/.texmf-var/fonts/map/pdftex/updmap/pdftex.map}]) (./approvalP
age.tex
Underfull \hbox (badness 10000) in paragraph at lines 98--101
\OT1/ptm/m/n/12 istry, School of Com-pu-ta-tional
 []


Underfull \hbox (badness 10000) in paragraph at lines 98--101

 []


Underfull \hbox (badness 1226) in paragraph at lines 102--105
\OT1/ptm/m/n/12 School of Com-pu-ta-tional Sci-ence
 []


Underfull \hbox (badness 10000) in paragraph at lines 102--105

 []


Underfull \hbox (badness 10000) in paragraph at lines 106--109

 []


Overfull \hbox (19.90483pt too wide) in paragraph at lines 92--116
[]  [] 
 []

pdfTeX warning (ext4): destination with the same identifier (name{page.1}) has 
been already used, duplicate ignored
<to be read again> 
                   \relax 
l.124 \end{titlepage}
                      [1]) (./dedication.texpdfTeX warning (ext4): destination 
with the same identifier (name{page.1}) has been already used, duplicate ignore
d
<to be read again> 
                   \relax 
l.18 \end{titlepage}
                     [1]) (./acknowledgements.tex [4

]) (./thesis.toc [5


])
\tf@toc=\write5
\openout5 = `thesis.toc'.


[6] (./thesis.lot [7


])
\tf@lot=\write6
\openout6 = `thesis.lot'.

 [8] (./thesis.lof)
\tf@lof=\write7
\openout7 = `thesis.lof'.

 [9


] [10] (./summary.tex) [11


]
(./chapter1.tex
Chapter 1.
pdfTeX warning (ext4): destination with the same identifier (name{page.1}) has 
been already used, duplicate ignored
<to be read again> 
                   \relax 
l.30 \end{align}
                 [1


]
Overfull \hbox (8.73128pt too wide) in paragraph at lines 32--37
\OT1/ptm/m/n/12 Hartree-Fock is the sim-plest quan-tum chem-istry pro-ce-dure, 
also known as the Self-Consistent
 []

[2] [3] [4]) (./chapter2.tex [5]
Chapter 2.
[6

]
<figures/sparsity_plots/sparsity_masks.png, id=372, 1712.3975pt x 519.9425pt>
File: figures/sparsity_plots/sparsity_masks.png Graphic file (type png)

<use figures/sparsity_plots/sparsity_masks.png>
Package pdftex.def Info: figures/sparsity_plots/sparsity_masks.png used on inpu
t line 57.
(pdftex.def)             Requested size: 342.47343pt x 103.98665pt.
 [7]
Package hyperref Info: bookmark level for unknown algorithm defaults to 0 on in
put line 71.
 [8 <./figures/sparsity_plots/sparsity_masks.png>] [9] [10]
<figures/sparsity_plots/construction_wall.png, id=411, 1104.125pt x 620.3175pt>
File: figures/sparsity_plots/construction_wall.png Graphic file (type png)
<use figures/sparsity_plots/construction_wall.png>
Package pdftex.def Info: figures/sparsity_plots/construction_wall.png used on i
nput line 183.
(pdftex.def)             Requested size: 216.81pt x 121.80856pt.

<figures/sparsity_plots/metric_contraction.png, id=412, 1104.125pt x 620.3175pt
>
File: figures/sparsity_plots/metric_contraction.png Graphic file (type png)
 <use figures/sparsity_plots/metric_contraction.png>
Package pdftex.def Info: figures/sparsity_plots/metric_contraction.png used on 
input line 185.
(pdftex.def)             Requested size: 216.81pt x 121.80856pt.

<figures/sparsity_plots/first_transform_wall.png, id=413, 1104.125pt x 620.3175
pt>
File: figures/sparsity_plots/first_transform_wall.png Graphic file (type png)
 <use figures/sparsity_plots/first_transform_wall.png>
Package pdftex.def Info: figures/sparsity_plots/first_transform_wall.png used o
n input line 187.
(pdftex.def)             Requested size: 216.81pt x 121.80856pt.

<figures/sparsity_plots/total_transform_wall.png, id=414, 1104.125pt x 620.3175
pt>
File: figures/sparsity_plots/total_transform_wall.png Graphic file (type png)
 <use figures/sparsity_plots/total_transform_wall.png>
Package pdftex.def Info: figures/sparsity_plots/total_transform_wall.png used o
n input line 189.
(pdftex.def)             Requested size: 216.81pt x 121.80856pt.
 [11] [12 <./figures/sparsity_plots/construction_wall.png> <./figures/sparsity_
plots/metric_contraction.png> <./figures/sparsity_plots/first_transform_wall.pn
g> <./figures/sparsity_plots/total_transform_wall.png>]) (./chapter3.tex [13]
Chapter 3.
[14

] [15] [16] [17] [18] [19] [20] [21] [22]
<geometries/boron_catalyst.png, id=536, 642.4pt x 481.8pt>
File: geometries/boron_catalyst.png Graphic file (type png)

<use geometries/boron_catalyst.png>
Package pdftex.def Info: geometries/boron_catalyst.png used on input line 313.
(pdftex.def)             Requested size: 227.62204pt x 170.71304pt.
 [23 <./geometries/boron_catalyst.png>]
<figures/parallel_scaling_plots/speedup-cc-pVDZ.png, id=544, 1104.125pt x 620.3
175pt>
File: figures/parallel_scaling_plots/speedup-cc-pVDZ.png Graphic file (type png
)
 <use figures/parallel_scaling_plots/speedup-cc-pVDZ.png>
Package pdftex.def Info: figures/parallel_scaling_plots/speedup-cc-pVDZ.png use
d on input line 351.
(pdftex.def)             Requested size: 216.81pt x 121.80856pt.

<figures/parallel_scaling_plots/times-cc-pVDZ.png, id=545, 1104.125pt x 620.317
5pt>
File: figures/parallel_scaling_plots/times-cc-pVDZ.png Graphic file (type png)
 <use figures/parallel_scaling_plots/times-cc-pVDZ.png>
Package pdftex.def Info: figures/parallel_scaling_plots/times-cc-pVDZ.png used 
on input line 353.
(pdftex.def)             Requested size: 216.81pt x 121.80856pt.

<figures/parallel_scaling_plots/speedup-cc-pVTZ.png, id=546, 1104.125pt x 620.3
175pt>
File: figures/parallel_scaling_plots/speedup-cc-pVTZ.png Graphic file (type png
)
 <use figures/parallel_scaling_plots/speedup-cc-pVTZ.png>
Package pdftex.def Info: figures/parallel_scaling_plots/speedup-cc-pVTZ.png use
d on input line 355.
(pdftex.def)             Requested size: 216.81pt x 121.80856pt.

<figures/parallel_scaling_plots/times-cc-pVTZ.png, id=547, 1104.125pt x 620.317
5pt>
File: figures/parallel_scaling_plots/times-cc-pVTZ.png Graphic file (type png)
 <use figures/parallel_scaling_plots/times-cc-pVTZ.png>
Package pdftex.def Info: figures/parallel_scaling_plots/times-cc-pVTZ.png used 
on input line 357.
(pdftex.def)             Requested size: 216.81pt x 121.80856pt.

<figures/parallel_scaling_plots/speedup-cc-pVQZ.png, id=548, 1104.125pt x 620.3
175pt>
File: figures/parallel_scaling_plots/speedup-cc-pVQZ.png Graphic file (type png
)
 <use figures/parallel_scaling_plots/speedup-cc-pVQZ.png>
Package pdftex.def Info: figures/parallel_scaling_plots/speedup-cc-pVQZ.png use
d on input line 359.
(pdftex.def)             Requested size: 216.81pt x 121.80856pt.

<figures/parallel_scaling_plots/times-cc-pVQZ.png, id=549, 1104.125pt x 620.317
5pt>
File: figures/parallel_scaling_plots/times-cc-pVQZ.png Graphic file (type png)
 <use figures/parallel_scaling_plots/times-cc-pVQZ.png>
Package pdftex.def Info: figures/parallel_scaling_plots/times-cc-pVQZ.png used 
on input line 361.
(pdftex.def)             Requested size: 216.81pt x 121.80856pt.
 [24] [25 <./figures/parallel_scaling_plots/speedup-cc-pVDZ.png> <./figures/par
allel_scaling_plots/times-cc-pVDZ.png> <./figures/parallel_scaling_plots/speedu
p-cc-pVTZ.png> <./figures/parallel_scaling_plots/times-cc-pVTZ.png> <./figures/
parallel_scaling_plots/speedup-cc-pVQZ.png> <./figures/parallel_scaling_plots/t
imes-cc-pVQZ.png>]
[26]
<figures/workflow_plots/input1-cc-pVDZ.png, id=578, 1104.125pt x 620.3175pt>
File: figures/workflow_plots/input1-cc-pVDZ.png Graphic file (type png)

<use figures/workflow_plots/input1-cc-pVDZ.png>
Package pdftex.def Info: figures/workflow_plots/input1-cc-pVDZ.png used on inpu
t line 419.
(pdftex.def)             Requested size: 151.76964pt x 85.26315pt.

<figures/workflow_plots/input2-cc-pVDZ.png, id=579, 1104.125pt x 620.3175pt>
File: figures/workflow_plots/input2-cc-pVDZ.png Graphic file (type png)

<use figures/workflow_plots/input2-cc-pVDZ.png>
Package pdftex.def Info: figures/workflow_plots/input2-cc-pVDZ.png used on inpu
t line 421.
(pdftex.def)             Requested size: 151.76964pt x 85.26315pt.

<figures/workflow_plots/input3-cc-pVDZ.png, id=580, 1104.125pt x 620.3175pt>
File: figures/workflow_plots/input3-cc-pVDZ.png Graphic file (type png)

<use figures/workflow_plots/input3-cc-pVDZ.png>
Package pdftex.def Info: figures/workflow_plots/input3-cc-pVDZ.png used on inpu
t line 423.
(pdftex.def)             Requested size: 151.76964pt x 85.26315pt.

Overfull \hbox (21.6889pt too wide) in paragraph at lines 419--423
 [][][][][][] 
 []

<figures/workflow_plots/input1-cc-pVTZ.png, id=581, 1104.125pt x 620.3175pt>
File: figures/workflow_plots/input1-cc-pVTZ.png Graphic file (type png)

<use figures/workflow_plots/input1-cc-pVTZ.png>
Package pdftex.def Info: figures/workflow_plots/input1-cc-pVTZ.png used on inpu
t line 425.
(pdftex.def)             Requested size: 151.76964pt x 85.26315pt.

<figures/workflow_plots/input2-cc-pVTZ.png, id=582, 1104.125pt x 620.3175pt>
File: figures/workflow_plots/input2-cc-pVTZ.png Graphic file (type png)

<use figures/workflow_plots/input2-cc-pVTZ.png>
Package pdftex.def Info: figures/workflow_plots/input2-cc-pVTZ.png used on inpu
t line 427.
(pdftex.def)             Requested size: 151.76964pt x 85.26315pt.

<figures/workflow_plots/input3-cc-pVTZ.png, id=583, 1104.125pt x 620.3175pt>
File: figures/workflow_plots/input3-cc-pVTZ.png Graphic file (type png)

<use figures/workflow_plots/input3-cc-pVTZ.png>
Package pdftex.def Info: figures/workflow_plots/input3-cc-pVTZ.png used on inpu
t line 429.
(pdftex.def)             Requested size: 151.76964pt x 85.26315pt.

Overfull \hbox (21.6889pt too wide) in paragraph at lines 424--429
 [][][][][][] 
 []

<figures/workflow_plots/input1-cc-pVQZ.png, id=584, 1104.125pt x 620.3175pt>
File: figures/workflow_plots/input1-cc-pVQZ.png Graphic file (type png)

<use figures/workflow_plots/input1-cc-pVQZ.png>
Package pdftex.def Info: figures/workflow_plots/input1-cc-pVQZ.png used on inpu
t line 431.
(pdftex.def)             Requested size: 151.76964pt x 85.26315pt.

<figures/workflow_plots/input2-cc-pVQZ.png, id=585, 1104.125pt x 620.3175pt>
File: figures/workflow_plots/input2-cc-pVQZ.png Graphic file (type png)

<use figures/workflow_plots/input2-cc-pVQZ.png>
Package pdftex.def Info: figures/workflow_plots/input2-cc-pVQZ.png used on inpu
t line 433.
(pdftex.def)             Requested size: 151.76964pt x 85.26315pt.

<figures/workflow_plots/input3-cc-pVQZ.png, id=586, 1104.125pt x 620.3175pt>
File: figures/workflow_plots/input3-cc-pVQZ.png Graphic file (type png)

<use figures/workflow_plots/input3-cc-pVQZ.png>
Package pdftex.def Info: figures/workflow_plots/input3-cc-pVQZ.png used on inpu
t line 435.
(pdftex.def)             Requested size: 151.76964pt x 85.26315pt.

Overfull \hbox (21.6889pt too wide) in paragraph at lines 430--440
 [][][][][][] 
 []

[27 <./figures/workflow_plots/input1-cc-pVDZ.png> <./figures/workflow_plots/inp
ut2-cc-pVDZ.png> <./figures/workflow_plots/input3-cc-pVDZ.png> <./figures/workf
low_plots/input1-cc-pVTZ.png> <./figures/workflow_plots/input2-cc-pVTZ.png> <./
figures/workflow_plots/input3-cc-pVTZ.png> <./figures/workflow_plots/input1-cc-
pVQZ.png> <./figures/workflow_plots/input2-cc-pVQZ.png> <./figures/workflow_plo
ts/input3-cc-pVQZ.png>] <geometries/hexatriene.png, id=609, 642.4pt x 481.8pt>
File: geometries/hexatriene.png Graphic file (type png)

<use geometries/hexatriene.png>
Package pdftex.def Info: geometries/hexatriene.png used on input line 480.
(pdftex.def)             Requested size: 156.49014pt x 117.362pt.

<geometries/benzene-toluene-solvated.png, id=610, 642.4pt x 481.8pt>
File: geometries/benzene-toluene-solvated.png Graphic file (type png)

<use geometries/benzene-toluene-solvated.png>
Package pdftex.def Info: geometries/benzene-toluene-solvated.png used on input 
line 481.
(pdftex.def)             Requested size: 156.49014pt x 117.362pt.
 [28] [29 <./geometries/hexatriene.png> <./geometries/benzene-toluene-solvated.
png>]) (./chapter4.tex [30]
Chapter 4.
[31

] [32] [33] [34] [35] [36] [37]
LaTeX Font Info:    Font shape `OT1/ptm/bx/n' in size <10> not available
(Font)              Font shape `OT1/ptm/b/n' tried instead on input line 241.
LaTeX Font Info:    Font shape `OMS/ptm/m/n' in size <7> not available
(Font)              Font shape `OMS/cmsy/m/n' tried instead on input line 301.

Overfull \hbox (15.55559pt too wide) in paragraph at lines 240--302
 [][] 
 []

[38] [39] [40] [41] [42]) (./chapter5.tex [43]
Chapter 5.
) [44

] [45

]
Overfull \hbox (0.64572pt too wide) in paragraph at lines 223--223
\OT1/ptm/m/n/12 based for-mu-la-tion of the com-plete ac-tive space self-consis
tent field method on graph-
 []

Package atveryend Info: Empty hook `BeforeClearDocument' on input line 228.
[46]
Package atveryend Info: Empty hook `AfterLastShipout' on input line 228.
 (./thesis.aux)
Package atveryend Info: Executing hook `AtVeryEndDocument' on input line 228.
Package atveryend Info: Executing hook `AtEndAfterFileList' on input line 228.
Package rerunfilecheck Info: File `thesis.out' has not changed.
(rerunfilecheck)             Checksum: 7F2C63A874D8716BC7E63783FC283D3E;1796.


LaTeX Warning: There were multiply-defined labels.

Package logreq Info: Writing requests to 'thesis.run.xml'.
\openout1 = `thesis.run.xml'.

 )
(\end occurred when \iftrue on line 53 was incomplete) 
Here is how much of TeX's memory you used:
 13816 strings out of 494953
 219218 string characters out of 6180977
 438357 words of memory out of 5000000
 16553 multiletter control sequences out of 15000+600000
 19999 words of font info for 46 fonts, out of 8000000 for 9000
 14 hyphenation exceptions out of 8191
 44i,11n,49p,1124b,1099s stack positions out of 5000i,500n,10000p,200000b,80000s
pdfTeX warning (dest): na
me{Hfootnote.2} has been referenced but does not exist, replaced by a fixed one


pdfTeX warning (dest): name{Hfootnote.1} has been referenced but does not exist
, replaced by a fixed one

{/usr/share/texlive/texmf-dist/fonts/enc/dvips/base/8r.enc}</usr/share/texlive/
texmf-dist/fonts/type1/public/amsfonts/cm/cmex10.pfb></usr/share/texlive/texmf-
dist/fonts/type1/public/amsfonts/cm/cmmi10.pfb></usr/share/texlive/texmf-dist/f
onts/type1/public/amsfonts/cm/cmmi12.pfb></usr/share/texlive/texmf-dist/fonts/t
ype1/public/amsfonts/cm/cmmi6.pfb></usr/share/texlive/texmf-dist/fonts/type1/pu
blic/amsfonts/cm/cmmi7.pfb></usr/share/texlive/texmf-dist/fonts/type1/public/am
sfonts/cm/cmmi8.pfb></usr/share/texlive/texmf-dist/fonts/type1/public/amsfonts/
cm/cmr12.pfb></usr/share/texlive/texmf-dist/fonts/type1/public/amsfonts/cm/cmr6
.pfb></usr/share/texlive/texmf-dist/fonts/type1/public/amsfonts/cm/cmr8.pfb></u
sr/share/texlive/texmf-dist/fonts/type1/public/amsfonts/cm/cmsy10.pfb></usr/sha
re/texlive/texmf-dist/fonts/type1/public/amsfonts/cm/cmsy7.pfb></usr/share/texl
ive/texmf-dist/fonts/type1/public/amsfonts/cm/cmsy8.pfb></home/schiebermc/texmf
/fonts/type1/urw/times/utmb8a.pfb></home/schiebermc/texmf/fonts/type1/urw/times
/utmr8a.pfb></home/schiebermc/texmf/fonts/type1/urw/times/utmri8a.pfb>
Output written on thesis.pdf (57 pages, 1929977 bytes).
PDF statistics:
 910 PDF objects out of 1000 (max. 8388607)
 781 compressed objects within 8 object streams
 317 named destinations out of 1000 (max. 500000)
 332 words of extra memory for PDF output out of 10000 (max. 10000000)

