\BOOKMARK [0][-]{titlePage.0}{Title Page}{}% 1
\BOOKMARK [0][-]{Doc-Start}{Acknowledgments}{}% 2
\BOOKMARK [0][-]{TOC.0}{Table of Contents}{}% 3
\BOOKMARK [0][-]{chapter*.1}{List of Tables}{}% 4
\BOOKMARK [0][-]{chapter*.2}{List of Figures}{}% 5
\BOOKMARK [0][-]{chapter.1}{Introduction and Background}{}% 6
\BOOKMARK [0][-]{chapter.2}{Utilizing Spatial Sparsity}{}% 7
\BOOKMARK [1][-]{section.2.1}{Sparsity Masks}{chapter.2}% 8
\BOOKMARK [1][-]{section.2.2}{Integral Construction}{chapter.2}% 9
\BOOKMARK [1][-]{section.2.3}{Integral Transformation}{chapter.2}% 10
\BOOKMARK [1][-]{section.2.4}{Results}{chapter.2}% 11
\BOOKMARK [0][-]{chapter.3}{Optimizing Integral Transformations}{}% 12
\BOOKMARK [1][-]{section.3.1}{A Note on Disk-bound Index Blocking}{chapter.3}% 13
\BOOKMARK [1][-]{section.3.2}{Memory Layout for Sparsity-utilized Transformations}{chapter.3}% 14
\BOOKMARK [1][-]{section.3.3}{Context Dependent Workflows}{chapter.3}% 15
\BOOKMARK [1][-]{section.3.4}{Intermediate Recycling}{chapter.3}% 16
\BOOKMARK [1][-]{section.3.5}{Results}{chapter.3}% 17
\BOOKMARK [2][-]{subsection.3.5.1}{Parallel Scaling of Transformations}{section.3.5}% 18
\BOOKMARK [2][-]{subsection.3.5.2}{Performance Crossover Through Number of Transformations}{section.3.5}% 19
\BOOKMARK [2][-]{subsection.3.5.3}{Superior Workflows in Practice}{section.3.5}% 20
\BOOKMARK [0][-]{chapter.4}{Evaluating Coulomb and Exchange Matrices}{}% 21
\BOOKMARK [1][-]{section.4.1}{Coulomb and Exchange Evaluations}{chapter.4}% 22
\BOOKMARK [1][-]{section.4.2}{Results}{chapter.4}% 23
\BOOKMARK [2][-]{subsection.4.2.1}{Multi-core Results}{section.4.2}% 24
\BOOKMARK [2][-]{subsection.4.2.2}{Manycore Results}{section.4.2}% 25
\BOOKMARK [0][-]{chapter.5}{Conclusions}{}% 26
\BOOKMARK [0][-]{chapter*.23}{References}{}% 27
